{"level":"info","message":"App is listening on url http://localhost:6969","timestamp":"2021-12-01T02:32:51.054Z"}
{"level":"info","message":"MongoDb connected successfuly...","timestamp":"2021-12-01T02:32:51.098Z"}
{"level":"info","message":"App is listening on url http://localhost:6969","timestamp":"2021-12-01T03:02:02.662Z"}
{"level":"info","message":"MongoDb connected successfuly...","timestamp":"2021-12-01T03:02:02.729Z"}
{"level":"info","message":"App is listening on url http://localhost:6969","timestamp":"2021-12-01T03:39:41.303Z"}
{"level":"info","message":"MongoDb connected successfuly...","timestamp":"2021-12-01T03:39:41.464Z"}
{"level":"info","message":"App is listening on url http://localhost:6969","timestamp":"2021-12-01T03:47:16.831Z"}
{"level":"info","message":"MongoDb connected successfuly...","timestamp":"2021-12-01T03:47:16.912Z"}
{"level":"info","message":"App is listening on url http://localhost:6969","timestamp":"2021-12-01T03:48:26.406Z"}
{"level":"info","message":"MongoDb connected successfuly...","timestamp":"2021-12-01T03:48:26.466Z"}
{"level":"info","message":"App is listening on url http://localhost:6969","timestamp":"2021-12-01T03:49:13.464Z"}
{"level":"info","message":"MongoDb connected successfuly...","timestamp":"2021-12-01T03:49:13.547Z"}
{"level":"info","message":"App is listening on url http://localhost:6969","timestamp":"2021-12-01T03:51:05.799Z"}
{"level":"info","message":"MongoDb connected successfuly...","timestamp":"2021-12-01T03:51:05.883Z"}
{"level":"info","message":"App is listening on url http://localhost:6969","timestamp":"2021-12-01T03:51:21.845Z"}
{"level":"info","message":"MongoDb connected successfuly...","timestamp":"2021-12-01T03:51:21.932Z"}
{"level":"info","message":"App is listening on url http://localhost:6969","timestamp":"2021-12-01T03:51:52.352Z"}
{"level":"info","message":"MongoDb connected successfuly...","timestamp":"2021-12-01T03:51:52.436Z"}
{"level":"info","message":"App is listening on url http://localhost:6969","timestamp":"2021-12-01T03:53:00.286Z"}
{"level":"info","message":"MongoDb connected successfuly...","timestamp":"2021-12-01T03:53:00.339Z"}
{"level":"info","message":"App is listening on url http://localhost:6969","timestamp":"2021-12-01T03:53:45.414Z"}
{"level":"info","message":"MongoDb connected successfuly...","timestamp":"2021-12-01T03:53:45.525Z"}
{"level":"info","message":"App is listening on url http://localhost:6969","timestamp":"2021-12-01T03:54:46.295Z"}
{"level":"info","message":"MongoDb connected successfuly...","timestamp":"2021-12-01T03:54:46.367Z"}
{"level":"info","message":"App is listening on url http://localhost:6969","timestamp":"2021-12-01T03:55:04.956Z"}
{"level":"info","message":"MongoDb connected successfuly...","timestamp":"2021-12-01T03:55:05.187Z"}
{"level":"info","message":"App is listening on url http://localhost:6969","timestamp":"2021-12-01T03:56:56.262Z"}
{"level":"info","message":"MongoDb connected successfuly...","timestamp":"2021-12-01T03:56:56.313Z"}
{"level":"info","message":"App is listening on url http://localhost:6969","timestamp":"2021-12-01T04:53:13.790Z"}
{"level":"info","message":"MongoDb connected successfuly...","timestamp":"2021-12-01T04:53:13.854Z"}
{"message":"reviews validation failed: comment: Path `comment` is required.","stack":"ValidationError: reviews validation failed: comment: Path `comment` is required.\n    at model.Document.invalidate (C:\\Users\\user\\OneDrive\\Documents\\GitHub\\T170-T'DOU-FINAL-PROJECT\\node_modules\\mongoose\\lib\\document.js:2626:32)\n    at C:\\Users\\user\\OneDrive\\Documents\\GitHub\\T170-T'DOU-FINAL-PROJECT\\node_modules\\mongoose\\lib\\document.js:2446:17\n    at C:\\Users\\user\\OneDrive\\Documents\\GitHub\\T170-T'DOU-FINAL-PROJECT\\node_modules\\mongoose\\lib\\schematype.js:1225:9\n    at processTicksAndRejections (internal/process/task_queues.js:77:11)","errors":{"comment":{"name":"ValidatorError","message":"Path `comment` is required.","properties":{"message":"Path `comment` is required.","type":"required","path":"comment","value":""},"kind":"required","path":"comment","value":""}},"_message":"reviews validation failed","level":"error","timestamp":"2021-12-01T04:55:09.168Z"}
{"level":"info","message":"App is listening on url http://localhost:6969","timestamp":"2021-12-01T04:55:35.628Z"}
{"level":"info","message":"MongoDb connected successfuly...","timestamp":"2021-12-01T04:55:35.666Z"}
{"message":"reviews validation failed: comment: Path `comment` is required.","stack":"ValidationError: reviews validation failed: comment: Path `comment` is required.\n    at model.Document.invalidate (C:\\Users\\user\\OneDrive\\Documents\\GitHub\\T170-T'DOU-FINAL-PROJECT\\node_modules\\mongoose\\lib\\document.js:2626:32)\n    at C:\\Users\\user\\OneDrive\\Documents\\GitHub\\T170-T'DOU-FINAL-PROJECT\\node_modules\\mongoose\\lib\\document.js:2446:17\n    at C:\\Users\\user\\OneDrive\\Documents\\GitHub\\T170-T'DOU-FINAL-PROJECT\\node_modules\\mongoose\\lib\\schematype.js:1225:9\n    at processTicksAndRejections (internal/process/task_queues.js:77:11)","errors":{"comment":{"name":"ValidatorError","message":"Path `comment` is required.","properties":{"message":"Path `comment` is required.","type":"required","path":"comment","value":""},"kind":"required","path":"comment","value":""}},"_message":"reviews validation failed","level":"error","timestamp":"2021-12-01T04:55:44.672Z"}
{"level":"info","message":"App is listening on url http://localhost:6969","timestamp":"2021-12-01T04:55:56.107Z"}
{"level":"info","message":"MongoDb connected successfuly...","timestamp":"2021-12-01T04:55:56.175Z"}
{"level":"info","message":"App is listening on url http://localhost:6969","timestamp":"2021-12-01T06:00:36.927Z"}
{"level":"info","message":"MongoDb connected successfuly...","timestamp":"2021-12-01T06:00:36.996Z"}
{"level":"info","message":"App is listening on url http://localhost:6969","timestamp":"2021-12-01T08:55:49.075Z"}
{"level":"info","message":"MongoDb connected successfuly...","timestamp":"2021-12-01T08:55:49.214Z"}
{"level":"info","message":"App is listening on url http://localhost:6969","timestamp":"2021-12-01T08:59:00.632Z"}
{"level":"info","message":"MongoDb connected successfuly...","timestamp":"2021-12-01T08:59:00.662Z"}
{"level":"info","message":"App is listening on url http://localhost:6969","timestamp":"2021-12-01T09:15:41.017Z"}
{"level":"info","message":"MongoDb connected successfuly...","timestamp":"2021-12-01T09:15:41.089Z"}
{"level":"info","message":"App is listening on url http://localhost:6969","timestamp":"2021-12-01T09:17:29.116Z"}
{"level":"info","message":"MongoDb connected successfuly...","timestamp":"2021-12-01T09:17:29.182Z"}
{"level":"info","message":"App is listening on url http://localhost:6969","timestamp":"2021-12-01T09:17:36.137Z"}
{"level":"info","message":"MongoDb connected successfuly...","timestamp":"2021-12-01T09:17:36.188Z"}
{"level":"info","message":"App is listening on url http://localhost:6969","timestamp":"2021-12-01T09:19:47.161Z"}
{"level":"info","message":"MongoDb connected successfuly...","timestamp":"2021-12-01T09:19:47.211Z"}
{"level":"info","message":"App is listening on url http://localhost:6969","timestamp":"2021-12-01T09:20:01.021Z"}
{"level":"info","message":"MongoDb connected successfuly...","timestamp":"2021-12-01T09:20:01.082Z"}
{"level":"info","message":"App is listening on url http://localhost:6969","timestamp":"2021-12-01T09:20:10.527Z"}
{"level":"info","message":"MongoDb connected successfuly...","timestamp":"2021-12-01T09:20:10.649Z"}
{"level":"info","message":"App is listening on url http://localhost:6969","timestamp":"2021-12-01T09:20:31.581Z"}
{"level":"info","message":"MongoDb connected successfuly...","timestamp":"2021-12-01T09:20:31.701Z"}
{"level":"info","message":"App is listening on url http://localhost:6969","timestamp":"2021-12-01T09:30:41.778Z"}
{"level":"info","message":"MongoDb connected successfuly...","timestamp":"2021-12-01T09:30:41.834Z"}
{"level":"info","message":"App is listening on url http://localhost:6969","timestamp":"2021-12-01T09:31:01.010Z"}
{"level":"info","message":"MongoDb connected successfuly...","timestamp":"2021-12-01T09:31:01.144Z"}
{"level":"info","message":"App is listening on url http://localhost:6969","timestamp":"2021-12-01T09:34:54.559Z"}
{"level":"info","message":"MongoDb connected successfuly...","timestamp":"2021-12-01T09:34:54.592Z"}
{"level":"info","message":"App is listening on url http://localhost:6969","timestamp":"2021-12-01T09:35:53.243Z"}
{"level":"info","message":"MongoDb connected successfuly...","timestamp":"2021-12-01T09:35:53.273Z"}
{"level":"info","message":"App is listening on url http://localhost:6969","timestamp":"2021-12-01T09:37:31.889Z"}
{"level":"info","message":"MongoDb connected successfuly...","timestamp":"2021-12-01T09:37:31.938Z"}
{"level":"info","message":"App is listening on url http://localhost:6969","timestamp":"2021-12-01T09:38:38.592Z"}
{"level":"info","message":"MongoDb connected successfuly...","timestamp":"2021-12-01T09:38:38.637Z"}
{"level":"info","message":"App is listening on url http://localhost:6969","timestamp":"2021-12-01T09:40:41.753Z"}
{"level":"info","message":"MongoDb connected successfuly...","timestamp":"2021-12-01T09:40:41.787Z"}
{"level":"info","message":"App is listening on url http://localhost:6969","timestamp":"2021-12-01T10:22:41.100Z"}
{"level":"info","message":"MongoDb connected successfuly...","timestamp":"2021-12-01T10:22:41.156Z"}
{"message":"Failed to lookup view \"error/error\" in views directory \"C:\\Users\\user\\OneDrive\\Documents\\GitHub\\T170-T'DOU-FINAL-PROJECT\\views\"","stack":"Error: Failed to lookup view \"error/error\" in views directory \"C:\\Users\\user\\OneDrive\\Documents\\GitHub\\T170-T'DOU-FINAL-PROJECT\\views\"\n    at Function.render (C:\\Users\\user\\OneDrive\\Documents\\GitHub\\T170-T'DOU-FINAL-PROJECT\\node_modules\\express\\lib\\application.js:580:17)\n    at ServerResponse.render (C:\\Users\\user\\OneDrive\\Documents\\GitHub\\T170-T'DOU-FINAL-PROJECT\\node_modules\\express\\lib\\response.js:1012:7)\n    at ServerResponse.res.render (C:\\Users\\user\\OneDrive\\Documents\\GitHub\\T170-T'DOU-FINAL-PROJECT\\node_modules\\express-ejs-layouts\\lib\\express-layouts.js:77:18)\n    at viewAdminAllOrders (C:\\Users\\user\\OneDrive\\Documents\\GitHub\\T170-T'DOU-FINAL-PROJECT\\controllers\\adminController.js:32:25)\n    at Layer.handle [as handle_request] (C:\\Users\\user\\OneDrive\\Documents\\GitHub\\T170-T'DOU-FINAL-PROJECT\\node_modules\\express\\lib\\router\\layer.js:95:5)\n    at next (C:\\Users\\user\\OneDrive\\Documents\\GitHub\\T170-T'DOU-FINAL-PROJECT\\node_modules\\express\\lib\\router\\route.js:137:13)\n    at Route.dispatch (C:\\Users\\user\\OneDrive\\Documents\\GitHub\\T170-T'DOU-FINAL-PROJECT\\node_modules\\express\\lib\\router\\route.js:112:3)\n    at Layer.handle [as handle_request] (C:\\Users\\user\\OneDrive\\Documents\\GitHub\\T170-T'DOU-FINAL-PROJECT\\node_modules\\express\\lib\\router\\layer.js:95:5)\n    at C:\\Users\\user\\OneDrive\\Documents\\GitHub\\T170-T'DOU-FINAL-PROJECT\\node_modules\\express\\lib\\router\\index.js:281:22\n    at Function.process_params (C:\\Users\\user\\OneDrive\\Documents\\GitHub\\T170-T'DOU-FINAL-PROJECT\\node_modules\\express\\lib\\router\\index.js:335:12)\n    at next (C:\\Users\\user\\OneDrive\\Documents\\GitHub\\T170-T'DOU-FINAL-PROJECT\\node_modules\\express\\lib\\router\\index.js:275:10)\n    at next (C:\\Users\\user\\OneDrive\\Documents\\GitHub\\T170-T'DOU-FINAL-PROJECT\\node_modules\\express\\lib\\router\\route.js:127:14)\n    at C:\\Users\\user\\OneDrive\\Documents\\GitHub\\T170-T'DOU-FINAL-PROJECT\\middleware\\authMiddleware.js:20:17\n    at C:\\Users\\user\\OneDrive\\Documents\\GitHub\\T170-T'DOU-FINAL-PROJECT\\node_modules\\jsonwebtoken\\verify.js:223:12\n    at getSecret (C:\\Users\\user\\OneDrive\\Documents\\GitHub\\T170-T'DOU-FINAL-PROJECT\\node_modules\\jsonwebtoken\\verify.js:90:14)\n    at Object.module.exports [as verify] (C:\\Users\\user\\OneDrive\\Documents\\GitHub\\T170-T'DOU-FINAL-PROJECT\\node_modules\\jsonwebtoken\\verify.js:94:10)\n    at requireAuth (C:\\Users\\user\\OneDrive\\Documents\\GitHub\\T170-T'DOU-FINAL-PROJECT\\middleware\\authMiddleware.js:12:13)\n    at Layer.handle [as handle_request] (C:\\Users\\user\\OneDrive\\Documents\\GitHub\\T170-T'DOU-FINAL-PROJECT\\node_modules\\express\\lib\\router\\layer.js:95:5)\n    at next (C:\\Users\\user\\OneDrive\\Documents\\GitHub\\T170-T'DOU-FINAL-PROJECT\\node_modules\\express\\lib\\router\\route.js:137:13)\n    at C:\\Users\\user\\OneDrive\\Documents\\GitHub\\T170-T'DOU-FINAL-PROJECT\\middleware\\authMiddleware.js:43:17\n    at processTicksAndRejections (internal/process/task_queues.js:95:5)","view":{"defaultEngine":"ejs","ext":".ejs","name":"error/error","root":"C:\\Users\\user\\OneDrive\\Documents\\GitHub\\T170-T'DOU-FINAL-PROJECT\\views"},"level":"error","timestamp":"2021-12-01T10:22:46.361Z"}
{"level":"info","message":"App is listening on url http://localhost:6969","timestamp":"2021-12-01T10:23:39.865Z"}
{"level":"info","message":"MongoDb connected successfuly...","timestamp":"2021-12-01T10:23:39.930Z"}
{"message":"Failed to lookup view \"error/error\" in views directory \"C:\\Users\\user\\OneDrive\\Documents\\GitHub\\T170-T'DOU-FINAL-PROJECT\\views\"","stack":"Error: Failed to lookup view \"error/error\" in views directory \"C:\\Users\\user\\OneDrive\\Documents\\GitHub\\T170-T'DOU-FINAL-PROJECT\\views\"\n    at Function.render (C:\\Users\\user\\OneDrive\\Documents\\GitHub\\T170-T'DOU-FINAL-PROJECT\\node_modules\\express\\lib\\application.js:580:17)\n    at ServerResponse.render (C:\\Users\\user\\OneDrive\\Documents\\GitHub\\T170-T'DOU-FINAL-PROJECT\\node_modules\\express\\lib\\response.js:1012:7)\n    at ServerResponse.res.render (C:\\Users\\user\\OneDrive\\Documents\\GitHub\\T170-T'DOU-FINAL-PROJECT\\node_modules\\express-ejs-layouts\\lib\\express-layouts.js:77:18)\n    at viewAdminAllOrders (C:\\Users\\user\\OneDrive\\Documents\\GitHub\\T170-T'DOU-FINAL-PROJECT\\controllers\\adminController.js:32:25)\n    at Layer.handle [as handle_request] (C:\\Users\\user\\OneDrive\\Documents\\GitHub\\T170-T'DOU-FINAL-PROJECT\\node_modules\\express\\lib\\router\\layer.js:95:5)\n    at next (C:\\Users\\user\\OneDrive\\Documents\\GitHub\\T170-T'DOU-FINAL-PROJECT\\node_modules\\express\\lib\\router\\route.js:137:13)\n    at Route.dispatch (C:\\Users\\user\\OneDrive\\Documents\\GitHub\\T170-T'DOU-FINAL-PROJECT\\node_modules\\express\\lib\\router\\route.js:112:3)\n    at Layer.handle [as handle_request] (C:\\Users\\user\\OneDrive\\Documents\\GitHub\\T170-T'DOU-FINAL-PROJECT\\node_modules\\express\\lib\\router\\layer.js:95:5)\n    at C:\\Users\\user\\OneDrive\\Documents\\GitHub\\T170-T'DOU-FINAL-PROJECT\\node_modules\\express\\lib\\router\\index.js:281:22\n    at Function.process_params (C:\\Users\\user\\OneDrive\\Documents\\GitHub\\T170-T'DOU-FINAL-PROJECT\\node_modules\\express\\lib\\router\\index.js:335:12)\n    at next (C:\\Users\\user\\OneDrive\\Documents\\GitHub\\T170-T'DOU-FINAL-PROJECT\\node_modules\\express\\lib\\router\\index.js:275:10)\n    at next (C:\\Users\\user\\OneDrive\\Documents\\GitHub\\T170-T'DOU-FINAL-PROJECT\\node_modules\\express\\lib\\router\\route.js:127:14)\n    at C:\\Users\\user\\OneDrive\\Documents\\GitHub\\T170-T'DOU-FINAL-PROJECT\\middleware\\authMiddleware.js:20:17\n    at C:\\Users\\user\\OneDrive\\Documents\\GitHub\\T170-T'DOU-FINAL-PROJECT\\node_modules\\jsonwebtoken\\verify.js:223:12\n    at getSecret (C:\\Users\\user\\OneDrive\\Documents\\GitHub\\T170-T'DOU-FINAL-PROJECT\\node_modules\\jsonwebtoken\\verify.js:90:14)\n    at Object.module.exports [as verify] (C:\\Users\\user\\OneDrive\\Documents\\GitHub\\T170-T'DOU-FINAL-PROJECT\\node_modules\\jsonwebtoken\\verify.js:94:10)\n    at requireAuth (C:\\Users\\user\\OneDrive\\Documents\\GitHub\\T170-T'DOU-FINAL-PROJECT\\middleware\\authMiddleware.js:12:13)\n    at Layer.handle [as handle_request] (C:\\Users\\user\\OneDrive\\Documents\\GitHub\\T170-T'DOU-FINAL-PROJECT\\node_modules\\express\\lib\\router\\layer.js:95:5)\n    at next (C:\\Users\\user\\OneDrive\\Documents\\GitHub\\T170-T'DOU-FINAL-PROJECT\\node_modules\\express\\lib\\router\\route.js:137:13)\n    at C:\\Users\\user\\OneDrive\\Documents\\GitHub\\T170-T'DOU-FINAL-PROJECT\\middleware\\authMiddleware.js:43:17\n    at processTicksAndRejections (internal/process/task_queues.js:95:5)","view":{"defaultEngine":"ejs","ext":".ejs","name":"error/error","root":"C:\\Users\\user\\OneDrive\\Documents\\GitHub\\T170-T'DOU-FINAL-PROJECT\\views"},"level":"error","timestamp":"2021-12-01T10:24:10.311Z"}
{"level":"info","message":"App is listening on url http://localhost:6969","timestamp":"2021-12-01T10:24:50.934Z"}
{"level":"info","message":"MongoDb connected successfuly...","timestamp":"2021-12-01T10:24:51.010Z"}
{"message":"Failed to lookup view \"error/error\" in views directory \"C:\\Users\\user\\OneDrive\\Documents\\GitHub\\T170-T'DOU-FINAL-PROJECT\\views\"","stack":"Error: Failed to lookup view \"error/error\" in views directory \"C:\\Users\\user\\OneDrive\\Documents\\GitHub\\T170-T'DOU-FINAL-PROJECT\\views\"\n    at Function.render (C:\\Users\\user\\OneDrive\\Documents\\GitHub\\T170-T'DOU-FINAL-PROJECT\\node_modules\\express\\lib\\application.js:580:17)\n    at ServerResponse.render (C:\\Users\\user\\OneDrive\\Documents\\GitHub\\T170-T'DOU-FINAL-PROJECT\\node_modules\\express\\lib\\response.js:1012:7)\n    at ServerResponse.res.render (C:\\Users\\user\\OneDrive\\Documents\\GitHub\\T170-T'DOU-FINAL-PROJECT\\node_modules\\express-ejs-layouts\\lib\\express-layouts.js:77:18)\n    at viewAdminAllOrders (C:\\Users\\user\\OneDrive\\Documents\\GitHub\\T170-T'DOU-FINAL-PROJECT\\controllers\\adminController.js:32:25)\n    at Layer.handle [as handle_request] (C:\\Users\\user\\OneDrive\\Documents\\GitHub\\T170-T'DOU-FINAL-PROJECT\\node_modules\\express\\lib\\router\\layer.js:95:5)\n    at next (C:\\Users\\user\\OneDrive\\Documents\\GitHub\\T170-T'DOU-FINAL-PROJECT\\node_modules\\express\\lib\\router\\route.js:137:13)\n    at Route.dispatch (C:\\Users\\user\\OneDrive\\Documents\\GitHub\\T170-T'DOU-FINAL-PROJECT\\node_modules\\express\\lib\\router\\route.js:112:3)\n    at Layer.handle [as handle_request] (C:\\Users\\user\\OneDrive\\Documents\\GitHub\\T170-T'DOU-FINAL-PROJECT\\node_modules\\express\\lib\\router\\layer.js:95:5)\n    at C:\\Users\\user\\OneDrive\\Documents\\GitHub\\T170-T'DOU-FINAL-PROJECT\\node_modules\\express\\lib\\router\\index.js:281:22\n    at Function.process_params (C:\\Users\\user\\OneDrive\\Documents\\GitHub\\T170-T'DOU-FINAL-PROJECT\\node_modules\\express\\lib\\router\\index.js:335:12)\n    at next (C:\\Users\\user\\OneDrive\\Documents\\GitHub\\T170-T'DOU-FINAL-PROJECT\\node_modules\\express\\lib\\router\\index.js:275:10)\n    at next (C:\\Users\\user\\OneDrive\\Documents\\GitHub\\T170-T'DOU-FINAL-PROJECT\\node_modules\\express\\lib\\router\\route.js:127:14)\n    at C:\\Users\\user\\OneDrive\\Documents\\GitHub\\T170-T'DOU-FINAL-PROJECT\\middleware\\authMiddleware.js:20:17\n    at C:\\Users\\user\\OneDrive\\Documents\\GitHub\\T170-T'DOU-FINAL-PROJECT\\node_modules\\jsonwebtoken\\verify.js:223:12\n    at getSecret (C:\\Users\\user\\OneDrive\\Documents\\GitHub\\T170-T'DOU-FINAL-PROJECT\\node_modules\\jsonwebtoken\\verify.js:90:14)\n    at Object.module.exports [as verify] (C:\\Users\\user\\OneDrive\\Documents\\GitHub\\T170-T'DOU-FINAL-PROJECT\\node_modules\\jsonwebtoken\\verify.js:94:10)\n    at requireAuth (C:\\Users\\user\\OneDrive\\Documents\\GitHub\\T170-T'DOU-FINAL-PROJECT\\middleware\\authMiddleware.js:12:13)\n    at Layer.handle [as handle_request] (C:\\Users\\user\\OneDrive\\Documents\\GitHub\\T170-T'DOU-FINAL-PROJECT\\node_modules\\express\\lib\\router\\layer.js:95:5)\n    at next (C:\\Users\\user\\OneDrive\\Documents\\GitHub\\T170-T'DOU-FINAL-PROJECT\\node_modules\\express\\lib\\router\\route.js:137:13)\n    at C:\\Users\\user\\OneDrive\\Documents\\GitHub\\T170-T'DOU-FINAL-PROJECT\\middleware\\authMiddleware.js:43:17\n    at processTicksAndRejections (internal/process/task_queues.js:95:5)","view":{"defaultEngine":"ejs","ext":".ejs","name":"error/error","root":"C:\\Users\\user\\OneDrive\\Documents\\GitHub\\T170-T'DOU-FINAL-PROJECT\\views"},"level":"error","timestamp":"2021-12-01T10:24:55.764Z"}
{"level":"info","message":"App is listening on url http://localhost:6969","timestamp":"2021-12-01T10:25:17.862Z"}
{"level":"info","message":"MongoDb connected successfuly...","timestamp":"2021-12-01T10:25:18.095Z"}
{"level":"info","message":"App is listening on url http://localhost:6969","timestamp":"2021-12-01T10:25:34.278Z"}
{"level":"info","message":"MongoDb connected successfuly...","timestamp":"2021-12-01T10:25:34.418Z"}
{"level":"info","message":"App is listening on url http://localhost:6969","timestamp":"2021-12-01T10:25:58.263Z"}
{"level":"info","message":"MongoDb connected successfuly...","timestamp":"2021-12-01T10:25:58.330Z"}
{"level":"info","message":"App is listening on url http://localhost:6969","timestamp":"2021-12-01T10:26:23.598Z"}
{"level":"info","message":"MongoDb connected successfuly...","timestamp":"2021-12-01T10:26:23.641Z"}
{"message":"Failed to lookup view \"error/error\" in views directory \"C:\\Users\\user\\OneDrive\\Documents\\GitHub\\T170-T'DOU-FINAL-PROJECT\\views\"","stack":"Error: Failed to lookup view \"error/error\" in views directory \"C:\\Users\\user\\OneDrive\\Documents\\GitHub\\T170-T'DOU-FINAL-PROJECT\\views\"\n    at Function.render (C:\\Users\\user\\OneDrive\\Documents\\GitHub\\T170-T'DOU-FINAL-PROJECT\\node_modules\\express\\lib\\application.js:580:17)\n    at ServerResponse.render (C:\\Users\\user\\OneDrive\\Documents\\GitHub\\T170-T'DOU-FINAL-PROJECT\\node_modules\\express\\lib\\response.js:1012:7)\n    at ServerResponse.res.render (C:\\Users\\user\\OneDrive\\Documents\\GitHub\\T170-T'DOU-FINAL-PROJECT\\node_modules\\express-ejs-layouts\\lib\\express-layouts.js:77:18)\n    at viewAdminAllOrders (C:\\Users\\user\\OneDrive\\Documents\\GitHub\\T170-T'DOU-FINAL-PROJECT\\controllers\\adminController.js:32:25)\n    at Layer.handle [as handle_request] (C:\\Users\\user\\OneDrive\\Documents\\GitHub\\T170-T'DOU-FINAL-PROJECT\\node_modules\\express\\lib\\router\\layer.js:95:5)\n    at next (C:\\Users\\user\\OneDrive\\Documents\\GitHub\\T170-T'DOU-FINAL-PROJECT\\node_modules\\express\\lib\\router\\route.js:137:13)\n    at Route.dispatch (C:\\Users\\user\\OneDrive\\Documents\\GitHub\\T170-T'DOU-FINAL-PROJECT\\node_modules\\express\\lib\\router\\route.js:112:3)\n    at Layer.handle [as handle_request] (C:\\Users\\user\\OneDrive\\Documents\\GitHub\\T170-T'DOU-FINAL-PROJECT\\node_modules\\express\\lib\\router\\layer.js:95:5)\n    at C:\\Users\\user\\OneDrive\\Documents\\GitHub\\T170-T'DOU-FINAL-PROJECT\\node_modules\\express\\lib\\router\\index.js:281:22\n    at Function.process_params (C:\\Users\\user\\OneDrive\\Documents\\GitHub\\T170-T'DOU-FINAL-PROJECT\\node_modules\\express\\lib\\router\\index.js:335:12)\n    at next (C:\\Users\\user\\OneDrive\\Documents\\GitHub\\T170-T'DOU-FINAL-PROJECT\\node_modules\\express\\lib\\router\\index.js:275:10)\n    at next (C:\\Users\\user\\OneDrive\\Documents\\GitHub\\T170-T'DOU-FINAL-PROJECT\\node_modules\\express\\lib\\router\\route.js:127:14)\n    at C:\\Users\\user\\OneDrive\\Documents\\GitHub\\T170-T'DOU-FINAL-PROJECT\\middleware\\authMiddleware.js:20:17\n    at C:\\Users\\user\\OneDrive\\Documents\\GitHub\\T170-T'DOU-FINAL-PROJECT\\node_modules\\jsonwebtoken\\verify.js:223:12\n    at getSecret (C:\\Users\\user\\OneDrive\\Documents\\GitHub\\T170-T'DOU-FINAL-PROJECT\\node_modules\\jsonwebtoken\\verify.js:90:14)\n    at Object.module.exports [as verify] (C:\\Users\\user\\OneDrive\\Documents\\GitHub\\T170-T'DOU-FINAL-PROJECT\\node_modules\\jsonwebtoken\\verify.js:94:10)\n    at requireAuth (C:\\Users\\user\\OneDrive\\Documents\\GitHub\\T170-T'DOU-FINAL-PROJECT\\middleware\\authMiddleware.js:12:13)\n    at Layer.handle [as handle_request] (C:\\Users\\user\\OneDrive\\Documents\\GitHub\\T170-T'DOU-FINAL-PROJECT\\node_modules\\express\\lib\\router\\layer.js:95:5)\n    at next (C:\\Users\\user\\OneDrive\\Documents\\GitHub\\T170-T'DOU-FINAL-PROJECT\\node_modules\\express\\lib\\router\\route.js:137:13)\n    at C:\\Users\\user\\OneDrive\\Documents\\GitHub\\T170-T'DOU-FINAL-PROJECT\\middleware\\authMiddleware.js:43:17\n    at processTicksAndRejections (internal/process/task_queues.js:95:5)","view":{"defaultEngine":"ejs","ext":".ejs","name":"error/error","root":"C:\\Users\\user\\OneDrive\\Documents\\GitHub\\T170-T'DOU-FINAL-PROJECT\\views"},"level":"error","timestamp":"2021-12-01T10:26:30.583Z"}
{"message":"Failed to lookup view \"error/error\" in views directory \"C:\\Users\\user\\OneDrive\\Documents\\GitHub\\T170-T'DOU-FINAL-PROJECT\\views\"","stack":"Error: Failed to lookup view \"error/error\" in views directory \"C:\\Users\\user\\OneDrive\\Documents\\GitHub\\T170-T'DOU-FINAL-PROJECT\\views\"\n    at Function.render (C:\\Users\\user\\OneDrive\\Documents\\GitHub\\T170-T'DOU-FINAL-PROJECT\\node_modules\\express\\lib\\application.js:580:17)\n    at ServerResponse.render (C:\\Users\\user\\OneDrive\\Documents\\GitHub\\T170-T'DOU-FINAL-PROJECT\\node_modules\\express\\lib\\response.js:1012:7)\n    at ServerResponse.res.render (C:\\Users\\user\\OneDrive\\Documents\\GitHub\\T170-T'DOU-FINAL-PROJECT\\node_modules\\express-ejs-layouts\\lib\\express-layouts.js:77:18)\n    at viewAdminAllOrders (C:\\Users\\user\\OneDrive\\Documents\\GitHub\\T170-T'DOU-FINAL-PROJECT\\controllers\\adminController.js:32:25)\n    at Layer.handle [as handle_request] (C:\\Users\\user\\OneDrive\\Documents\\GitHub\\T170-T'DOU-FINAL-PROJECT\\node_modules\\express\\lib\\router\\layer.js:95:5)\n    at next (C:\\Users\\user\\OneDrive\\Documents\\GitHub\\T170-T'DOU-FINAL-PROJECT\\node_modules\\express\\lib\\router\\route.js:137:13)\n    at Route.dispatch (C:\\Users\\user\\OneDrive\\Documents\\GitHub\\T170-T'DOU-FINAL-PROJECT\\node_modules\\express\\lib\\router\\route.js:112:3)\n    at Layer.handle [as handle_request] (C:\\Users\\user\\OneDrive\\Documents\\GitHub\\T170-T'DOU-FINAL-PROJECT\\node_modules\\express\\lib\\router\\layer.js:95:5)\n    at C:\\Users\\user\\OneDrive\\Documents\\GitHub\\T170-T'DOU-FINAL-PROJECT\\node_modules\\express\\lib\\router\\index.js:281:22\n    at Function.process_params (C:\\Users\\user\\OneDrive\\Documents\\GitHub\\T170-T'DOU-FINAL-PROJECT\\node_modules\\express\\lib\\router\\index.js:335:12)\n    at next (C:\\Users\\user\\OneDrive\\Documents\\GitHub\\T170-T'DOU-FINAL-PROJECT\\node_modules\\express\\lib\\router\\index.js:275:10)\n    at next (C:\\Users\\user\\OneDrive\\Documents\\GitHub\\T170-T'DOU-FINAL-PROJECT\\node_modules\\express\\lib\\router\\route.js:127:14)\n    at C:\\Users\\user\\OneDrive\\Documents\\GitHub\\T170-T'DOU-FINAL-PROJECT\\middleware\\authMiddleware.js:20:17\n    at C:\\Users\\user\\OneDrive\\Documents\\GitHub\\T170-T'DOU-FINAL-PROJECT\\node_modules\\jsonwebtoken\\verify.js:223:12\n    at getSecret (C:\\Users\\user\\OneDrive\\Documents\\GitHub\\T170-T'DOU-FINAL-PROJECT\\node_modules\\jsonwebtoken\\verify.js:90:14)\n    at Object.module.exports [as verify] (C:\\Users\\user\\OneDrive\\Documents\\GitHub\\T170-T'DOU-FINAL-PROJECT\\node_modules\\jsonwebtoken\\verify.js:94:10)\n    at requireAuth (C:\\Users\\user\\OneDrive\\Documents\\GitHub\\T170-T'DOU-FINAL-PROJECT\\middleware\\authMiddleware.js:12:13)\n    at Layer.handle [as handle_request] (C:\\Users\\user\\OneDrive\\Documents\\GitHub\\T170-T'DOU-FINAL-PROJECT\\node_modules\\express\\lib\\router\\layer.js:95:5)\n    at next (C:\\Users\\user\\OneDrive\\Documents\\GitHub\\T170-T'DOU-FINAL-PROJECT\\node_modules\\express\\lib\\router\\route.js:137:13)\n    at C:\\Users\\user\\OneDrive\\Documents\\GitHub\\T170-T'DOU-FINAL-PROJECT\\middleware\\authMiddleware.js:43:17\n    at processTicksAndRejections (internal/process/task_queues.js:95:5)","view":{"defaultEngine":"ejs","ext":".ejs","name":"error/error","root":"C:\\Users\\user\\OneDrive\\Documents\\GitHub\\T170-T'DOU-FINAL-PROJECT\\views"},"level":"error","timestamp":"2021-12-01T10:49:38.448Z"}
{"level":"info","message":"App is listening on url http://localhost:6969","timestamp":"2021-12-01T10:50:33.845Z"}
{"level":"info","message":"MongoDb connected successfuly...","timestamp":"2021-12-01T10:50:33.887Z"}
{"level":"info","message":"App is listening on url http://localhost:6969","timestamp":"2021-12-01T10:50:53.032Z"}
{"level":"info","message":"MongoDb connected successfuly...","timestamp":"2021-12-01T10:50:53.095Z"}
{"level":"info","message":"App is listening on url http://localhost:6969","timestamp":"2021-12-01T10:51:00.725Z"}
{"level":"info","message":"MongoDb connected successfuly...","timestamp":"2021-12-01T10:51:00.767Z"}
{"level":"info","message":"App is listening on url http://localhost:6969","timestamp":"2021-12-01T10:51:08.597Z"}
{"level":"info","message":"MongoDb connected successfuly...","timestamp":"2021-12-01T10:51:08.630Z"}
{"level":"info","message":"App is listening on url http://localhost:6969","timestamp":"2021-12-01T10:51:27.738Z"}
{"level":"info","message":"MongoDb connected successfuly...","timestamp":"2021-12-01T10:51:27.771Z"}
{"level":"info","message":"App is listening on url http://localhost:6969","timestamp":"2021-12-01T10:51:37.360Z"}
{"level":"info","message":"MongoDb connected successfuly...","timestamp":"2021-12-01T10:51:37.390Z"}
{"level":"info","message":"App is listening on url http://localhost:6969","timestamp":"2021-12-01T10:52:11.263Z"}
{"level":"info","message":"MongoDb connected successfuly...","timestamp":"2021-12-01T10:52:11.379Z"}
{"level":"info","message":"App is listening on url http://localhost:6969","timestamp":"2021-12-01T10:52:39.337Z"}
{"level":"info","message":"MongoDb connected successfuly...","timestamp":"2021-12-01T10:52:39.576Z"}
{"level":"info","message":"App is listening on url http://localhost:6969","timestamp":"2021-12-01T10:54:35.240Z"}
{"level":"info","message":"MongoDb connected successfuly...","timestamp":"2021-12-01T10:54:35.660Z"}
{"level":"info","message":"App is listening on url http://localhost:6969","timestamp":"2021-12-01T10:55:24.334Z"}
{"level":"info","message":"MongoDb connected successfuly...","timestamp":"2021-12-01T10:55:24.417Z"}
{"level":"info","message":"App is listening on url http://localhost:6969","timestamp":"2021-12-01T11:00:27.841Z"}
{"level":"info","message":"MongoDb connected successfuly...","timestamp":"2021-12-01T11:00:27.877Z"}
{"level":"info","message":"App is listening on url http://localhost:6969","timestamp":"2021-12-01T11:01:16.715Z"}
{"level":"info","message":"MongoDb connected successfuly...","timestamp":"2021-12-01T11:01:16.758Z"}
{"message":"Failed to lookup view \"/admin/users/orders/all/history/\" in views directory \"C:\\Users\\user\\OneDrive\\Documents\\GitHub\\T170-T'DOU-FINAL-PROJECT\\views\"","stack":"Error: Failed to lookup view \"/admin/users/orders/all/history/\" in views directory \"C:\\Users\\user\\OneDrive\\Documents\\GitHub\\T170-T'DOU-FINAL-PROJECT\\views\"\n    at Function.render (C:\\Users\\user\\OneDrive\\Documents\\GitHub\\T170-T'DOU-FINAL-PROJECT\\node_modules\\express\\lib\\application.js:580:17)\n    at ServerResponse.render (C:\\Users\\user\\OneDrive\\Documents\\GitHub\\T170-T'DOU-FINAL-PROJECT\\node_modules\\express\\lib\\response.js:1012:7)\n    at ServerResponse.res.render (C:\\Users\\user\\OneDrive\\Documents\\GitHub\\T170-T'DOU-FINAL-PROJECT\\node_modules\\express-ejs-layouts\\lib\\express-layouts.js:77:18)\n    at viewAdminAllOrders (C:\\Users\\user\\OneDrive\\Documents\\GitHub\\T170-T'DOU-FINAL-PROJECT\\controllers\\adminController.js:23:13)\n    at processTicksAndRejections (internal/process/task_queues.js:95:5)","view":{"defaultEngine":"ejs","ext":".ejs","name":"/admin/users/orders/all/history/","root":"C:\\Users\\user\\OneDrive\\Documents\\GitHub\\T170-T'DOU-FINAL-PROJECT\\views"},"level":"error","timestamp":"2021-12-01T11:01:33.725Z"}
{"level":"info","message":"App is listening on url http://localhost:6969","timestamp":"2021-12-01T11:02:18.443Z"}
{"level":"info","message":"MongoDb connected successfuly...","timestamp":"2021-12-01T11:02:18.496Z"}
{"level":"info","message":"App is listening on url http://localhost:6969","timestamp":"2021-12-01T11:02:32.442Z"}
{"level":"info","message":"MongoDb connected successfuly...","timestamp":"2021-12-01T11:02:32.582Z"}
{"level":"info","message":"App is listening on url http://localhost:6969","timestamp":"2021-12-01T11:09:08.152Z"}
{"level":"info","message":"MongoDb connected successfuly...","timestamp":"2021-12-01T11:09:08.190Z"}
{"message":"Unexpected token 'catch' in C:\\Users\\user\\OneDrive\\Documents\\GitHub\\T170-T'DOU-FINAL-PROJECT\\views\\user\\order.ejs while compiling ejs\n\nIf the above error is not helpful, you may want to try EJS-Lint:\nhttps://github.com/RyanZim/EJS-Lint\nOr, if you meant to create an async function, pass `async: true` as an option.","stack":"SyntaxError: Unexpected token 'catch' in C:\\Users\\user\\OneDrive\\Documents\\GitHub\\T170-T'DOU-FINAL-PROJECT\\views\\user\\order.ejs while compiling ejs\n\nIf the above error is not helpful, you may want to try EJS-Lint:\nhttps://github.com/RyanZim/EJS-Lint\nOr, if you meant to create an async function, pass `async: true` as an option.\n    at new Function (<anonymous>)\n    at Template.compile (C:\\Users\\user\\OneDrive\\Documents\\GitHub\\T170-T'DOU-FINAL-PROJECT\\node_modules\\ejs\\lib\\ejs.js:661:12)\n    at Object.compile (C:\\Users\\user\\OneDrive\\Documents\\GitHub\\T170-T'DOU-FINAL-PROJECT\\node_modules\\ejs\\lib\\ejs.js:396:16)\n    at handleCache (C:\\Users\\user\\OneDrive\\Documents\\GitHub\\T170-T'DOU-FINAL-PROJECT\\node_modules\\ejs\\lib\\ejs.js:233:18)\n    at tryHandleCache (C:\\Users\\user\\OneDrive\\Documents\\GitHub\\T170-T'DOU-FINAL-PROJECT\\node_modules\\ejs\\lib\\ejs.js:272:16)\n    at View.exports.renderFile [as engine] (C:\\Users\\user\\OneDrive\\Documents\\GitHub\\T170-T'DOU-FINAL-PROJECT\\node_modules\\ejs\\lib\\ejs.js:489:10)\n    at View.render (C:\\Users\\user\\OneDrive\\Documents\\GitHub\\T170-T'DOU-FINAL-PROJECT\\node_modules\\express\\lib\\view.js:135:8)\n    at tryRender (C:\\Users\\user\\OneDrive\\Documents\\GitHub\\T170-T'DOU-FINAL-PROJECT\\node_modules\\express\\lib\\application.js:640:10)\n    at Function.render (C:\\Users\\user\\OneDrive\\Documents\\GitHub\\T170-T'DOU-FINAL-PROJECT\\node_modules\\express\\lib\\application.js:592:3)\n    at ServerResponse.render (C:\\Users\\user\\OneDrive\\Documents\\GitHub\\T170-T'DOU-FINAL-PROJECT\\node_modules\\express\\lib\\response.js:1012:7)\n    at ServerResponse.res.render (C:\\Users\\user\\OneDrive\\Documents\\GitHub\\T170-T'DOU-FINAL-PROJECT\\node_modules\\express-ejs-layouts\\lib\\express-layouts.js:77:18)\n    at viewAdminAllOrders (C:\\Users\\user\\OneDrive\\Documents\\GitHub\\T170-T'DOU-FINAL-PROJECT\\controllers\\adminController.js:23:13)\n    at processTicksAndRejections (internal/process/task_queues.js:95:5)","level":"error","timestamp":"2021-12-01T11:09:13.708Z"}
{"level":"info","message":"App is listening on url http://localhost:6969","timestamp":"2021-12-01T11:09:54.386Z"}
{"level":"info","message":"MongoDb connected successfuly...","timestamp":"2021-12-01T11:09:54.430Z"}
{"message":"Unexpected token 'catch' in C:\\Users\\user\\OneDrive\\Documents\\GitHub\\T170-T'DOU-FINAL-PROJECT\\views\\user\\order.ejs while compiling ejs\n\nIf the above error is not helpful, you may want to try EJS-Lint:\nhttps://github.com/RyanZim/EJS-Lint\nOr, if you meant to create an async function, pass `async: true` as an option.","stack":"SyntaxError: Unexpected token 'catch' in C:\\Users\\user\\OneDrive\\Documents\\GitHub\\T170-T'DOU-FINAL-PROJECT\\views\\user\\order.ejs while compiling ejs\n\nIf the above error is not helpful, you may want to try EJS-Lint:\nhttps://github.com/RyanZim/EJS-Lint\nOr, if you meant to create an async function, pass `async: true` as an option.\n    at new Function (<anonymous>)\n    at Template.compile (C:\\Users\\user\\OneDrive\\Documents\\GitHub\\T170-T'DOU-FINAL-PROJECT\\node_modules\\ejs\\lib\\ejs.js:661:12)\n    at Object.compile (C:\\Users\\user\\OneDrive\\Documents\\GitHub\\T170-T'DOU-FINAL-PROJECT\\node_modules\\ejs\\lib\\ejs.js:396:16)\n    at handleCache (C:\\Users\\user\\OneDrive\\Documents\\GitHub\\T170-T'DOU-FINAL-PROJECT\\node_modules\\ejs\\lib\\ejs.js:233:18)\n    at tryHandleCache (C:\\Users\\user\\OneDrive\\Documents\\GitHub\\T170-T'DOU-FINAL-PROJECT\\node_modules\\ejs\\lib\\ejs.js:272:16)\n    at View.exports.renderFile [as engine] (C:\\Users\\user\\OneDrive\\Documents\\GitHub\\T170-T'DOU-FINAL-PROJECT\\node_modules\\ejs\\lib\\ejs.js:489:10)\n    at View.render (C:\\Users\\user\\OneDrive\\Documents\\GitHub\\T170-T'DOU-FINAL-PROJECT\\node_modules\\express\\lib\\view.js:135:8)\n    at tryRender (C:\\Users\\user\\OneDrive\\Documents\\GitHub\\T170-T'DOU-FINAL-PROJECT\\node_modules\\express\\lib\\application.js:640:10)\n    at Function.render (C:\\Users\\user\\OneDrive\\Documents\\GitHub\\T170-T'DOU-FINAL-PROJECT\\node_modules\\express\\lib\\application.js:592:3)\n    at ServerResponse.render (C:\\Users\\user\\OneDrive\\Documents\\GitHub\\T170-T'DOU-FINAL-PROJECT\\node_modules\\express\\lib\\response.js:1012:7)\n    at ServerResponse.res.render (C:\\Users\\user\\OneDrive\\Documents\\GitHub\\T170-T'DOU-FINAL-PROJECT\\node_modules\\express-ejs-layouts\\lib\\express-layouts.js:77:18)\n    at viewAdminAllOrders (C:\\Users\\user\\OneDrive\\Documents\\GitHub\\T170-T'DOU-FINAL-PROJECT\\controllers\\adminController.js:23:13)\n    at processTicksAndRejections (internal/process/task_queues.js:95:5)","level":"error","timestamp":"2021-12-01T11:09:59.626Z"}
{"level":"info","message":"App is listening on url http://localhost:6969","timestamp":"2021-12-01T11:15:47.387Z"}
{"level":"info","message":"MongoDb connected successfuly...","timestamp":"2021-12-01T11:15:47.423Z"}
{"level":"info","message":"App is listening on url http://localhost:6969","timestamp":"2021-12-01T23:58:02.688Z"}
{"level":"info","message":"MongoDb connected successfuly...","timestamp":"2021-12-01T23:58:02.725Z"}
{"level":"info","message":"App is listening on url http://localhost:6969","timestamp":"2021-12-02T00:05:59.366Z"}
{"level":"info","message":"MongoDb connected successfuly...","timestamp":"2021-12-02T00:05:59.442Z"}
{"level":"info","message":"App is listening on url http://localhost:6969","timestamp":"2021-12-02T00:07:49.739Z"}
{"level":"info","message":"MongoDb connected successfuly...","timestamp":"2021-12-02T00:07:49.782Z"}
{"level":"info","message":"App is listening on url http://localhost:6969","timestamp":"2021-12-02T00:12:37.609Z"}
{"level":"info","message":"MongoDb connected successfuly...","timestamp":"2021-12-02T00:12:37.648Z"}
{"message":"Could not find matching close tag for \"<%\".","stack":"Error: Could not find matching close tag for \"<%\".\n    at C:\\Users\\user\\OneDrive\\Documents\\GitHub\\T170-T'DOU-FINAL-PROJECT\\node_modules\\ejs\\lib\\ejs.js:739:19\n    at Array.forEach (<anonymous>)\n    at Template.generateSource (C:\\Users\\user\\OneDrive\\Documents\\GitHub\\T170-T'DOU-FINAL-PROJECT\\node_modules\\ejs\\lib\\ejs.js:729:15)\n    at Template.compile (C:\\Users\\user\\OneDrive\\Documents\\GitHub\\T170-T'DOU-FINAL-PROJECT\\node_modules\\ejs\\lib\\ejs.js:583:12)\n    at Object.compile (C:\\Users\\user\\OneDrive\\Documents\\GitHub\\T170-T'DOU-FINAL-PROJECT\\node_modules\\ejs\\lib\\ejs.js:396:16)\n    at handleCache (C:\\Users\\user\\OneDrive\\Documents\\GitHub\\T170-T'DOU-FINAL-PROJECT\\node_modules\\ejs\\lib\\ejs.js:233:18)\n    at tryHandleCache (C:\\Users\\user\\OneDrive\\Documents\\GitHub\\T170-T'DOU-FINAL-PROJECT\\node_modules\\ejs\\lib\\ejs.js:272:16)\n    at View.exports.renderFile [as engine] (C:\\Users\\user\\OneDrive\\Documents\\GitHub\\T170-T'DOU-FINAL-PROJECT\\node_modules\\ejs\\lib\\ejs.js:489:10)\n    at View.render (C:\\Users\\user\\OneDrive\\Documents\\GitHub\\T170-T'DOU-FINAL-PROJECT\\node_modules\\express\\lib\\view.js:135:8)\n    at tryRender (C:\\Users\\user\\OneDrive\\Documents\\GitHub\\T170-T'DOU-FINAL-PROJECT\\node_modules\\express\\lib\\application.js:640:10)\n    at Function.render (C:\\Users\\user\\OneDrive\\Documents\\GitHub\\T170-T'DOU-FINAL-PROJECT\\node_modules\\express\\lib\\application.js:592:3)\n    at ServerResponse.render (C:\\Users\\user\\OneDrive\\Documents\\GitHub\\T170-T'DOU-FINAL-PROJECT\\node_modules\\express\\lib\\response.js:1012:7)\n    at ServerResponse.res.render (C:\\Users\\user\\OneDrive\\Documents\\GitHub\\T170-T'DOU-FINAL-PROJECT\\node_modules\\express-ejs-layouts\\lib\\express-layouts.js:77:18)\n    at viewViewProduct (C:\\Users\\user\\OneDrive\\Documents\\GitHub\\T170-T'DOU-FINAL-PROJECT\\controllers\\product.js:79:13)\n    at processTicksAndRejections (internal/process/task_queues.js:95:5)","level":"error","timestamp":"2021-12-02T00:12:41.067Z"}
{"level":"info","message":"App is listening on url http://localhost:6969","timestamp":"2021-12-02T00:15:39.512Z"}
{"level":"info","message":"MongoDb connected successfuly...","timestamp":"2021-12-02T00:15:39.549Z"}
{"message":"Could not find matching close tag for \"<%\".","stack":"Error: Could not find matching close tag for \"<%\".\n    at C:\\Users\\user\\OneDrive\\Documents\\GitHub\\T170-T'DOU-FINAL-PROJECT\\node_modules\\ejs\\lib\\ejs.js:739:19\n    at Array.forEach (<anonymous>)\n    at Template.generateSource (C:\\Users\\user\\OneDrive\\Documents\\GitHub\\T170-T'DOU-FINAL-PROJECT\\node_modules\\ejs\\lib\\ejs.js:729:15)\n    at Template.compile (C:\\Users\\user\\OneDrive\\Documents\\GitHub\\T170-T'DOU-FINAL-PROJECT\\node_modules\\ejs\\lib\\ejs.js:583:12)\n    at Object.compile (C:\\Users\\user\\OneDrive\\Documents\\GitHub\\T170-T'DOU-FINAL-PROJECT\\node_modules\\ejs\\lib\\ejs.js:396:16)\n    at handleCache (C:\\Users\\user\\OneDrive\\Documents\\GitHub\\T170-T'DOU-FINAL-PROJECT\\node_modules\\ejs\\lib\\ejs.js:233:18)\n    at tryHandleCache (C:\\Users\\user\\OneDrive\\Documents\\GitHub\\T170-T'DOU-FINAL-PROJECT\\node_modules\\ejs\\lib\\ejs.js:272:16)\n    at View.exports.renderFile [as engine] (C:\\Users\\user\\OneDrive\\Documents\\GitHub\\T170-T'DOU-FINAL-PROJECT\\node_modules\\ejs\\lib\\ejs.js:489:10)\n    at View.render (C:\\Users\\user\\OneDrive\\Documents\\GitHub\\T170-T'DOU-FINAL-PROJECT\\node_modules\\express\\lib\\view.js:135:8)\n    at tryRender (C:\\Users\\user\\OneDrive\\Documents\\GitHub\\T170-T'DOU-FINAL-PROJECT\\node_modules\\express\\lib\\application.js:640:10)\n    at Function.render (C:\\Users\\user\\OneDrive\\Documents\\GitHub\\T170-T'DOU-FINAL-PROJECT\\node_modules\\express\\lib\\application.js:592:3)\n    at ServerResponse.render (C:\\Users\\user\\OneDrive\\Documents\\GitHub\\T170-T'DOU-FINAL-PROJECT\\node_modules\\express\\lib\\response.js:1012:7)\n    at ServerResponse.res.render (C:\\Users\\user\\OneDrive\\Documents\\GitHub\\T170-T'DOU-FINAL-PROJECT\\node_modules\\express-ejs-layouts\\lib\\express-layouts.js:77:18)\n    at viewViewProduct (C:\\Users\\user\\OneDrive\\Documents\\GitHub\\T170-T'DOU-FINAL-PROJECT\\controllers\\product.js:79:13)\n    at processTicksAndRejections (internal/process/task_queues.js:95:5)","level":"error","timestamp":"2021-12-02T00:15:43.316Z"}
{"level":"info","message":"App is listening on url http://localhost:6969","timestamp":"2021-12-02T00:16:13.598Z"}
{"level":"info","message":"MongoDb connected successfuly...","timestamp":"2021-12-02T00:16:13.641Z"}
{"message":"Could not find matching close tag for \"<%\".","stack":"Error: Could not find matching close tag for \"<%\".\n    at C:\\Users\\user\\OneDrive\\Documents\\GitHub\\T170-T'DOU-FINAL-PROJECT\\node_modules\\ejs\\lib\\ejs.js:739:19\n    at Array.forEach (<anonymous>)\n    at Template.generateSource (C:\\Users\\user\\OneDrive\\Documents\\GitHub\\T170-T'DOU-FINAL-PROJECT\\node_modules\\ejs\\lib\\ejs.js:729:15)\n    at Template.compile (C:\\Users\\user\\OneDrive\\Documents\\GitHub\\T170-T'DOU-FINAL-PROJECT\\node_modules\\ejs\\lib\\ejs.js:583:12)\n    at Object.compile (C:\\Users\\user\\OneDrive\\Documents\\GitHub\\T170-T'DOU-FINAL-PROJECT\\node_modules\\ejs\\lib\\ejs.js:396:16)\n    at handleCache (C:\\Users\\user\\OneDrive\\Documents\\GitHub\\T170-T'DOU-FINAL-PROJECT\\node_modules\\ejs\\lib\\ejs.js:233:18)\n    at tryHandleCache (C:\\Users\\user\\OneDrive\\Documents\\GitHub\\T170-T'DOU-FINAL-PROJECT\\node_modules\\ejs\\lib\\ejs.js:272:16)\n    at View.exports.renderFile [as engine] (C:\\Users\\user\\OneDrive\\Documents\\GitHub\\T170-T'DOU-FINAL-PROJECT\\node_modules\\ejs\\lib\\ejs.js:489:10)\n    at View.render (C:\\Users\\user\\OneDrive\\Documents\\GitHub\\T170-T'DOU-FINAL-PROJECT\\node_modules\\express\\lib\\view.js:135:8)\n    at tryRender (C:\\Users\\user\\OneDrive\\Documents\\GitHub\\T170-T'DOU-FINAL-PROJECT\\node_modules\\express\\lib\\application.js:640:10)\n    at Function.render (C:\\Users\\user\\OneDrive\\Documents\\GitHub\\T170-T'DOU-FINAL-PROJECT\\node_modules\\express\\lib\\application.js:592:3)\n    at ServerResponse.render (C:\\Users\\user\\OneDrive\\Documents\\GitHub\\T170-T'DOU-FINAL-PROJECT\\node_modules\\express\\lib\\response.js:1012:7)\n    at ServerResponse.res.render (C:\\Users\\user\\OneDrive\\Documents\\GitHub\\T170-T'DOU-FINAL-PROJECT\\node_modules\\express-ejs-layouts\\lib\\express-layouts.js:77:18)\n    at viewViewProduct (C:\\Users\\user\\OneDrive\\Documents\\GitHub\\T170-T'DOU-FINAL-PROJECT\\controllers\\product.js:79:13)\n    at processTicksAndRejections (internal/process/task_queues.js:95:5)","level":"error","timestamp":"2021-12-02T00:16:17.087Z"}
{"level":"info","message":"App is listening on url http://localhost:6969","timestamp":"2021-12-02T00:17:38.031Z"}
{"level":"info","message":"MongoDb connected successfuly...","timestamp":"2021-12-02T00:17:38.069Z"}
{"message":"Could not find matching close tag for \"<%\".","stack":"Error: Could not find matching close tag for \"<%\".\n    at C:\\Users\\user\\OneDrive\\Documents\\GitHub\\T170-T'DOU-FINAL-PROJECT\\node_modules\\ejs\\lib\\ejs.js:739:19\n    at Array.forEach (<anonymous>)\n    at Template.generateSource (C:\\Users\\user\\OneDrive\\Documents\\GitHub\\T170-T'DOU-FINAL-PROJECT\\node_modules\\ejs\\lib\\ejs.js:729:15)\n    at Template.compile (C:\\Users\\user\\OneDrive\\Documents\\GitHub\\T170-T'DOU-FINAL-PROJECT\\node_modules\\ejs\\lib\\ejs.js:583:12)\n    at Object.compile (C:\\Users\\user\\OneDrive\\Documents\\GitHub\\T170-T'DOU-FINAL-PROJECT\\node_modules\\ejs\\lib\\ejs.js:396:16)\n    at handleCache (C:\\Users\\user\\OneDrive\\Documents\\GitHub\\T170-T'DOU-FINAL-PROJECT\\node_modules\\ejs\\lib\\ejs.js:233:18)\n    at tryHandleCache (C:\\Users\\user\\OneDrive\\Documents\\GitHub\\T170-T'DOU-FINAL-PROJECT\\node_modules\\ejs\\lib\\ejs.js:272:16)\n    at View.exports.renderFile [as engine] (C:\\Users\\user\\OneDrive\\Documents\\GitHub\\T170-T'DOU-FINAL-PROJECT\\node_modules\\ejs\\lib\\ejs.js:489:10)\n    at View.render (C:\\Users\\user\\OneDrive\\Documents\\GitHub\\T170-T'DOU-FINAL-PROJECT\\node_modules\\express\\lib\\view.js:135:8)\n    at tryRender (C:\\Users\\user\\OneDrive\\Documents\\GitHub\\T170-T'DOU-FINAL-PROJECT\\node_modules\\express\\lib\\application.js:640:10)\n    at Function.render (C:\\Users\\user\\OneDrive\\Documents\\GitHub\\T170-T'DOU-FINAL-PROJECT\\node_modules\\express\\lib\\application.js:592:3)\n    at ServerResponse.render (C:\\Users\\user\\OneDrive\\Documents\\GitHub\\T170-T'DOU-FINAL-PROJECT\\node_modules\\express\\lib\\response.js:1012:7)\n    at ServerResponse.res.render (C:\\Users\\user\\OneDrive\\Documents\\GitHub\\T170-T'DOU-FINAL-PROJECT\\node_modules\\express-ejs-layouts\\lib\\express-layouts.js:77:18)\n    at viewViewProduct (C:\\Users\\user\\OneDrive\\Documents\\GitHub\\T170-T'DOU-FINAL-PROJECT\\controllers\\product.js:79:13)\n    at processTicksAndRejections (internal/process/task_queues.js:95:5)","level":"error","timestamp":"2021-12-02T00:17:41.219Z"}
{"level":"info","message":"App is listening on url http://localhost:6969","timestamp":"2021-12-02T00:19:54.103Z"}
{"level":"info","message":"MongoDb connected successfuly...","timestamp":"2021-12-02T00:19:54.167Z"}
{"message":"Invalid regular expression: missing / in C:\\Users\\user\\OneDrive\\Documents\\GitHub\\T170-T'DOU-FINAL-PROJECT\\views\\home\\viewProduct.ejs while compiling ejs\n\nIf the above error is not helpful, you may want to try EJS-Lint:\nhttps://github.com/RyanZim/EJS-Lint\nOr, if you meant to create an async function, pass `async: true` as an option.","stack":"SyntaxError: Invalid regular expression: missing / in C:\\Users\\user\\OneDrive\\Documents\\GitHub\\T170-T'DOU-FINAL-PROJECT\\views\\home\\viewProduct.ejs while compiling ejs\n\nIf the above error is not helpful, you may want to try EJS-Lint:\nhttps://github.com/RyanZim/EJS-Lint\nOr, if you meant to create an async function, pass `async: true` as an option.\n    at new Function (<anonymous>)\n    at Template.compile (C:\\Users\\user\\OneDrive\\Documents\\GitHub\\T170-T'DOU-FINAL-PROJECT\\node_modules\\ejs\\lib\\ejs.js:661:12)\n    at Object.compile (C:\\Users\\user\\OneDrive\\Documents\\GitHub\\T170-T'DOU-FINAL-PROJECT\\node_modules\\ejs\\lib\\ejs.js:396:16)\n    at handleCache (C:\\Users\\user\\OneDrive\\Documents\\GitHub\\T170-T'DOU-FINAL-PROJECT\\node_modules\\ejs\\lib\\ejs.js:233:18)\n    at tryHandleCache (C:\\Users\\user\\OneDrive\\Documents\\GitHub\\T170-T'DOU-FINAL-PROJECT\\node_modules\\ejs\\lib\\ejs.js:272:16)\n    at View.exports.renderFile [as engine] (C:\\Users\\user\\OneDrive\\Documents\\GitHub\\T170-T'DOU-FINAL-PROJECT\\node_modules\\ejs\\lib\\ejs.js:489:10)\n    at View.render (C:\\Users\\user\\OneDrive\\Documents\\GitHub\\T170-T'DOU-FINAL-PROJECT\\node_modules\\express\\lib\\view.js:135:8)\n    at tryRender (C:\\Users\\user\\OneDrive\\Documents\\GitHub\\T170-T'DOU-FINAL-PROJECT\\node_modules\\express\\lib\\application.js:640:10)\n    at Function.render (C:\\Users\\user\\OneDrive\\Documents\\GitHub\\T170-T'DOU-FINAL-PROJECT\\node_modules\\express\\lib\\application.js:592:3)\n    at ServerResponse.render (C:\\Users\\user\\OneDrive\\Documents\\GitHub\\T170-T'DOU-FINAL-PROJECT\\node_modules\\express\\lib\\response.js:1012:7)\n    at ServerResponse.res.render (C:\\Users\\user\\OneDrive\\Documents\\GitHub\\T170-T'DOU-FINAL-PROJECT\\node_modules\\express-ejs-layouts\\lib\\express-layouts.js:77:18)\n    at viewViewProduct (C:\\Users\\user\\OneDrive\\Documents\\GitHub\\T170-T'DOU-FINAL-PROJECT\\controllers\\product.js:79:13)\n    at processTicksAndRejections (internal/process/task_queues.js:95:5)","level":"error","timestamp":"2021-12-02T00:19:57.342Z"}
{"level":"info","message":"App is listening on url http://localhost:6969","timestamp":"2021-12-02T00:21:37.198Z"}
{"level":"info","message":"MongoDb connected successfuly...","timestamp":"2021-12-02T00:21:37.249Z"}
{"message":"Invalid regular expression: missing / in C:\\Users\\user\\OneDrive\\Documents\\GitHub\\T170-T'DOU-FINAL-PROJECT\\views\\home\\viewProduct.ejs while compiling ejs\n\nIf the above error is not helpful, you may want to try EJS-Lint:\nhttps://github.com/RyanZim/EJS-Lint\nOr, if you meant to create an async function, pass `async: true` as an option.","stack":"SyntaxError: Invalid regular expression: missing / in C:\\Users\\user\\OneDrive\\Documents\\GitHub\\T170-T'DOU-FINAL-PROJECT\\views\\home\\viewProduct.ejs while compiling ejs\n\nIf the above error is not helpful, you may want to try EJS-Lint:\nhttps://github.com/RyanZim/EJS-Lint\nOr, if you meant to create an async function, pass `async: true` as an option.\n    at new Function (<anonymous>)\n    at Template.compile (C:\\Users\\user\\OneDrive\\Documents\\GitHub\\T170-T'DOU-FINAL-PROJECT\\node_modules\\ejs\\lib\\ejs.js:661:12)\n    at Object.compile (C:\\Users\\user\\OneDrive\\Documents\\GitHub\\T170-T'DOU-FINAL-PROJECT\\node_modules\\ejs\\lib\\ejs.js:396:16)\n    at handleCache (C:\\Users\\user\\OneDrive\\Documents\\GitHub\\T170-T'DOU-FINAL-PROJECT\\node_modules\\ejs\\lib\\ejs.js:233:18)\n    at tryHandleCache (C:\\Users\\user\\OneDrive\\Documents\\GitHub\\T170-T'DOU-FINAL-PROJECT\\node_modules\\ejs\\lib\\ejs.js:272:16)\n    at View.exports.renderFile [as engine] (C:\\Users\\user\\OneDrive\\Documents\\GitHub\\T170-T'DOU-FINAL-PROJECT\\node_modules\\ejs\\lib\\ejs.js:489:10)\n    at View.render (C:\\Users\\user\\OneDrive\\Documents\\GitHub\\T170-T'DOU-FINAL-PROJECT\\node_modules\\express\\lib\\view.js:135:8)\n    at tryRender (C:\\Users\\user\\OneDrive\\Documents\\GitHub\\T170-T'DOU-FINAL-PROJECT\\node_modules\\express\\lib\\application.js:640:10)\n    at Function.render (C:\\Users\\user\\OneDrive\\Documents\\GitHub\\T170-T'DOU-FINAL-PROJECT\\node_modules\\express\\lib\\application.js:592:3)\n    at ServerResponse.render (C:\\Users\\user\\OneDrive\\Documents\\GitHub\\T170-T'DOU-FINAL-PROJECT\\node_modules\\express\\lib\\response.js:1012:7)\n    at ServerResponse.res.render (C:\\Users\\user\\OneDrive\\Documents\\GitHub\\T170-T'DOU-FINAL-PROJECT\\node_modules\\express-ejs-layouts\\lib\\express-layouts.js:77:18)\n    at viewViewProduct (C:\\Users\\user\\OneDrive\\Documents\\GitHub\\T170-T'DOU-FINAL-PROJECT\\controllers\\product.js:79:13)\n    at processTicksAndRejections (internal/process/task_queues.js:95:5)","level":"error","timestamp":"2021-12-02T00:21:40.362Z"}
{"level":"info","message":"App is listening on url http://localhost:6969","timestamp":"2021-12-02T00:22:42.335Z"}
{"level":"info","message":"MongoDb connected successfuly...","timestamp":"2021-12-02T00:22:42.392Z"}
{"level":"info","message":"App is listening on url http://localhost:6969","timestamp":"2021-12-02T00:25:04.481Z"}
{"level":"info","message":"MongoDb connected successfuly...","timestamp":"2021-12-02T00:25:04.538Z"}
{"level":"info","message":"App is listening on url http://localhost:6969","timestamp":"2021-12-02T00:28:50.173Z"}
{"level":"info","message":"MongoDb connected successfuly...","timestamp":"2021-12-02T00:28:50.239Z"}
{"level":"info","message":"App is listening on url http://localhost:6969","timestamp":"2021-12-02T00:28:53.635Z"}
{"level":"info","message":"MongoDb connected successfuly...","timestamp":"2021-12-02T00:28:53.694Z"}
{"level":"info","message":"App is listening on url http://localhost:6969","timestamp":"2021-12-02T00:29:56.309Z"}
{"level":"info","message":"MongoDb connected successfuly...","timestamp":"2021-12-02T00:29:56.356Z"}
{"message":"Could not find matching close tag for \"<%=\".","stack":"Error: Could not find matching close tag for \"<%=\".\n    at C:\\Users\\user\\OneDrive\\Documents\\GitHub\\T170-T'DOU-FINAL-PROJECT\\node_modules\\ejs\\lib\\ejs.js:739:19\n    at Array.forEach (<anonymous>)\n    at Template.generateSource (C:\\Users\\user\\OneDrive\\Documents\\GitHub\\T170-T'DOU-FINAL-PROJECT\\node_modules\\ejs\\lib\\ejs.js:729:15)\n    at Template.compile (C:\\Users\\user\\OneDrive\\Documents\\GitHub\\T170-T'DOU-FINAL-PROJECT\\node_modules\\ejs\\lib\\ejs.js:583:12)\n    at Object.compile (C:\\Users\\user\\OneDrive\\Documents\\GitHub\\T170-T'DOU-FINAL-PROJECT\\node_modules\\ejs\\lib\\ejs.js:396:16)\n    at handleCache (C:\\Users\\user\\OneDrive\\Documents\\GitHub\\T170-T'DOU-FINAL-PROJECT\\node_modules\\ejs\\lib\\ejs.js:233:18)\n    at tryHandleCache (C:\\Users\\user\\OneDrive\\Documents\\GitHub\\T170-T'DOU-FINAL-PROJECT\\node_modules\\ejs\\lib\\ejs.js:272:16)\n    at View.exports.renderFile [as engine] (C:\\Users\\user\\OneDrive\\Documents\\GitHub\\T170-T'DOU-FINAL-PROJECT\\node_modules\\ejs\\lib\\ejs.js:489:10)\n    at View.render (C:\\Users\\user\\OneDrive\\Documents\\GitHub\\T170-T'DOU-FINAL-PROJECT\\node_modules\\express\\lib\\view.js:135:8)\n    at tryRender (C:\\Users\\user\\OneDrive\\Documents\\GitHub\\T170-T'DOU-FINAL-PROJECT\\node_modules\\express\\lib\\application.js:640:10)\n    at Function.render (C:\\Users\\user\\OneDrive\\Documents\\GitHub\\T170-T'DOU-FINAL-PROJECT\\node_modules\\express\\lib\\application.js:592:3)\n    at ServerResponse.render (C:\\Users\\user\\OneDrive\\Documents\\GitHub\\T170-T'DOU-FINAL-PROJECT\\node_modules\\express\\lib\\response.js:1012:7)\n    at ServerResponse.res.render (C:\\Users\\user\\OneDrive\\Documents\\GitHub\\T170-T'DOU-FINAL-PROJECT\\node_modules\\express-ejs-layouts\\lib\\express-layouts.js:77:18)\n    at viewViewProduct (C:\\Users\\user\\OneDrive\\Documents\\GitHub\\T170-T'DOU-FINAL-PROJECT\\controllers\\product.js:79:13)\n    at processTicksAndRejections (internal/process/task_queues.js:95:5)","level":"error","timestamp":"2021-12-02T00:29:58.198Z"}
{"message":"Could not find matching close tag for \"<%=\".","stack":"Error: Could not find matching close tag for \"<%=\".\n    at C:\\Users\\user\\OneDrive\\Documents\\GitHub\\T170-T'DOU-FINAL-PROJECT\\node_modules\\ejs\\lib\\ejs.js:739:19\n    at Array.forEach (<anonymous>)\n    at Template.generateSource (C:\\Users\\user\\OneDrive\\Documents\\GitHub\\T170-T'DOU-FINAL-PROJECT\\node_modules\\ejs\\lib\\ejs.js:729:15)\n    at Template.compile (C:\\Users\\user\\OneDrive\\Documents\\GitHub\\T170-T'DOU-FINAL-PROJECT\\node_modules\\ejs\\lib\\ejs.js:583:12)\n    at Object.compile (C:\\Users\\user\\OneDrive\\Documents\\GitHub\\T170-T'DOU-FINAL-PROJECT\\node_modules\\ejs\\lib\\ejs.js:396:16)\n    at handleCache (C:\\Users\\user\\OneDrive\\Documents\\GitHub\\T170-T'DOU-FINAL-PROJECT\\node_modules\\ejs\\lib\\ejs.js:233:18)\n    at tryHandleCache (C:\\Users\\user\\OneDrive\\Documents\\GitHub\\T170-T'DOU-FINAL-PROJECT\\node_modules\\ejs\\lib\\ejs.js:272:16)\n    at View.exports.renderFile [as engine] (C:\\Users\\user\\OneDrive\\Documents\\GitHub\\T170-T'DOU-FINAL-PROJECT\\node_modules\\ejs\\lib\\ejs.js:489:10)\n    at View.render (C:\\Users\\user\\OneDrive\\Documents\\GitHub\\T170-T'DOU-FINAL-PROJECT\\node_modules\\express\\lib\\view.js:135:8)\n    at tryRender (C:\\Users\\user\\OneDrive\\Documents\\GitHub\\T170-T'DOU-FINAL-PROJECT\\node_modules\\express\\lib\\application.js:640:10)\n    at Function.render (C:\\Users\\user\\OneDrive\\Documents\\GitHub\\T170-T'DOU-FINAL-PROJECT\\node_modules\\express\\lib\\application.js:592:3)\n    at ServerResponse.render (C:\\Users\\user\\OneDrive\\Documents\\GitHub\\T170-T'DOU-FINAL-PROJECT\\node_modules\\express\\lib\\response.js:1012:7)\n    at ServerResponse.res.render (C:\\Users\\user\\OneDrive\\Documents\\GitHub\\T170-T'DOU-FINAL-PROJECT\\node_modules\\express-ejs-layouts\\lib\\express-layouts.js:77:18)\n    at viewViewProduct (C:\\Users\\user\\OneDrive\\Documents\\GitHub\\T170-T'DOU-FINAL-PROJECT\\controllers\\product.js:79:13)\n    at processTicksAndRejections (internal/process/task_queues.js:95:5)","level":"error","timestamp":"2021-12-02T00:30:01.552Z"}
{"level":"info","message":"App is listening on url http://localhost:6969","timestamp":"2021-12-02T00:30:18.702Z"}
{"level":"info","message":"MongoDb connected successfuly...","timestamp":"2021-12-02T00:30:18.733Z"}
{"level":"info","message":"App is listening on url http://localhost:6969","timestamp":"2021-12-02T00:31:00.840Z"}
{"level":"info","message":"MongoDb connected successfuly...","timestamp":"2021-12-02T00:31:00.901Z"}
{"level":"info","message":"App is listening on url http://localhost:6969","timestamp":"2021-12-02T00:35:19.503Z"}
{"level":"info","message":"MongoDb connected successfuly...","timestamp":"2021-12-02T00:35:19.561Z"}
{"level":"info","message":"App is listening on url http://localhost:6969","timestamp":"2021-12-02T00:36:47.929Z"}
{"level":"info","message":"MongoDb connected successfuly...","timestamp":"2021-12-02T00:36:47.973Z"}
{"level":"info","message":"App is listening on url http://localhost:6969","timestamp":"2021-12-02T01:09:37.830Z"}
{"level":"info","message":"MongoDb connected successfuly...","timestamp":"2021-12-02T01:09:37.870Z"}
{"level":"info","message":"App is listening on url http://localhost:6969","timestamp":"2021-12-02T01:34:06.991Z"}
{"level":"info","message":"MongoDb connected successfuly...","timestamp":"2021-12-02T01:34:07.076Z"}
{"level":"info","message":"App is listening on url http://localhost:6969","timestamp":"2021-12-02T01:41:17.618Z"}
{"level":"info","message":"MongoDb connected successfuly...","timestamp":"2021-12-02T01:41:17.661Z"}
{"level":"info","message":"App is listening on url http://localhost:6969","timestamp":"2021-12-02T01:46:57.320Z"}
{"level":"info","message":"MongoDb connected successfuly...","timestamp":"2021-12-02T01:46:57.367Z"}
{"level":"info","message":"App is listening on url http://localhost:6969","timestamp":"2021-12-02T01:47:13.358Z"}
{"level":"info","message":"MongoDb connected successfuly...","timestamp":"2021-12-02T01:47:13.405Z"}
{"level":"info","message":"App is listening on url http://localhost:6969","timestamp":"2021-12-02T01:47:46.210Z"}
{"level":"info","message":"MongoDb connected successfuly...","timestamp":"2021-12-02T01:47:46.252Z"}
{"level":"info","message":"App is listening on url http://localhost:6969","timestamp":"2021-12-02T01:47:57.709Z"}
{"level":"info","message":"MongoDb connected successfuly...","timestamp":"2021-12-02T01:47:57.761Z"}
{"level":"info","message":"App is listening on url http://localhost:6969","timestamp":"2021-12-02T02:39:48.648Z"}
{"level":"info","message":"MongoDb connected successfuly...","timestamp":"2021-12-02T02:39:48.689Z"}
{"level":"info","message":"App is listening on url http://localhost:6969","timestamp":"2021-12-02T02:40:52.829Z"}
{"level":"info","message":"MongoDb connected successfuly...","timestamp":"2021-12-02T02:40:52.887Z"}
{"level":"info","message":"App is listening on url http://localhost:6969","timestamp":"2021-12-02T02:41:20.694Z"}
{"level":"info","message":"MongoDb connected successfuly...","timestamp":"2021-12-02T02:41:20.761Z"}
{"level":"info","message":"App is listening on url http://localhost:6969","timestamp":"2021-12-02T02:42:08.381Z"}
{"level":"info","message":"MongoDb connected successfuly...","timestamp":"2021-12-02T02:42:08.425Z"}
{"level":"info","message":"App is listening on url http://localhost:6969","timestamp":"2021-12-02T02:42:47.312Z"}
{"level":"info","message":"MongoDb connected successfuly...","timestamp":"2021-12-02T02:42:47.368Z"}
{"level":"info","message":"App is listening on url http://localhost:6969","timestamp":"2021-12-02T02:43:04.401Z"}
{"level":"info","message":"MongoDb connected successfuly...","timestamp":"2021-12-02T02:43:04.439Z"}
{"level":"info","message":"App is listening on url http://localhost:6969","timestamp":"2021-12-02T02:44:29.880Z"}
{"level":"info","message":"MongoDb connected successfuly...","timestamp":"2021-12-02T02:44:29.964Z"}
{"level":"info","message":"App is listening on url http://localhost:6969","timestamp":"2021-12-02T02:45:33.541Z"}
{"level":"info","message":"MongoDb connected successfuly...","timestamp":"2021-12-02T02:45:33.588Z"}
{"level":"info","message":"App is listening on url http://localhost:6969","timestamp":"2021-12-02T02:45:47.295Z"}
{"level":"info","message":"MongoDb connected successfuly...","timestamp":"2021-12-02T02:45:47.334Z"}
{"level":"info","message":"App is listening on url http://localhost:6969","timestamp":"2021-12-02T02:50:00.660Z"}
{"level":"info","message":"MongoDb connected successfuly...","timestamp":"2021-12-02T02:50:00.740Z"}
{"level":"info","message":"App is listening on url http://localhost:6969","timestamp":"2021-12-02T03:02:16.421Z"}
{"level":"info","message":"MongoDb connected successfuly...","timestamp":"2021-12-02T03:02:16.463Z"}
{"level":"info","message":"App is listening on url http://localhost:6969","timestamp":"2021-12-02T03:03:05.380Z"}
{"level":"info","message":"MongoDb connected successfuly...","timestamp":"2021-12-02T03:03:05.422Z"}
{"level":"info","message":"App is listening on url http://localhost:6969","timestamp":"2021-12-02T03:09:20.386Z"}
{"level":"info","message":"MongoDb connected successfuly...","timestamp":"2021-12-02T03:09:20.472Z"}
{"level":"info","message":"App is listening on url http://localhost:6969","timestamp":"2021-12-02T03:09:58.259Z"}
{"level":"info","message":"MongoDb connected successfuly...","timestamp":"2021-12-02T03:09:58.289Z"}
{"level":"info","message":"App is listening on url http://localhost:6969","timestamp":"2021-12-02T03:10:56.811Z"}
{"level":"info","message":"MongoDb connected successfuly...","timestamp":"2021-12-02T03:10:56.848Z"}
{"level":"info","message":"App is listening on url http://localhost:6969","timestamp":"2021-12-02T03:20:07.553Z"}
{"level":"info","message":"MongoDb connected successfuly...","timestamp":"2021-12-02T03:20:07.599Z"}
{"level":"info","message":"App is listening on url http://localhost:6969","timestamp":"2021-12-02T03:24:34.063Z"}
{"level":"info","message":"MongoDb connected successfuly...","timestamp":"2021-12-02T03:24:34.103Z"}
{"level":"info","message":"App is listening on url http://localhost:6969","timestamp":"2021-12-02T04:35:37.729Z"}
{"level":"info","message":"MongoDb connected successfuly...","timestamp":"2021-12-02T04:35:37.777Z"}
{"level":"info","message":"App is listening on url http://localhost:6969","timestamp":"2021-12-02T04:37:37.198Z"}
{"level":"info","message":"MongoDb connected successfuly...","timestamp":"2021-12-02T04:37:37.237Z"}
{"level":"info","message":"App is listening on url http://localhost:6969","timestamp":"2021-12-02T04:38:33.082Z"}
{"level":"info","message":"MongoDb connected successfuly...","timestamp":"2021-12-02T04:38:33.132Z"}
{"level":"info","message":"App is listening on url http://localhost:6969","timestamp":"2021-12-02T04:39:53.256Z"}
{"level":"info","message":"MongoDb connected successfuly...","timestamp":"2021-12-02T04:39:53.319Z"}
